<?xml version="1.0" encoding="UTF-8"?>
<!-- Generated by org.testng.reporters.JUnitReportReporter -->
<testsuite hostname="DESKTOP-R4ETFCJ" failures="0" tests="2" name="com.vtiger.comcast.contact.TestNgcontactTest" time="46.175" errors="0" timestamp="2022-02-01T11:09:49 IST" skipped="0">
  <testcase classname="com.vtiger.comcast.contact.TestNgcontactTest" name="createcontact" time="30.381"/>
  <system-out/>
  <testcase classname="com.vtiger.comcast.contact.TestNgcontactTest" name="createcontact1" time="15.794"/>
  <system-out/>
</testsuite> <!-- com.vtiger.comcast.contact.TestNgcontactTest -->
