<?xml version="1.0" encoding="UTF-8"?>
<!-- Generated by org.testng.reporters.JUnitReportReporter -->
<testsuite hostname="DESKTOP-R4ETFCJ" failures="0" tests="5" name="Practice.BookTicket" time="0.012" errors="0" timestamp="2022-01-20T20:50:23 IST" skipped="0">
  <testcase classname="Practice.BookTicket" name="bookTicketTest" time="0.006"/>
  <system-out/>
  <testcase classname="Practice.BookTicket" name="bookTicketTest" time="0.002"/>
  <system-out/>
  <testcase classname="Practice.BookTicket" name="bookTicketTest" time="0.001"/>
  <system-out/>
  <testcase classname="Practice.BookTicket" name="bookTicketTest" time="0.001"/>
  <system-out/>
  <testcase classname="Practice.BookTicket" name="bookTicketTest" time="0.002"/>
  <system-out/>
</testsuite> <!-- Practice.BookTicket -->
