<?xml version="1.0" encoding="UTF-8"?>
<!-- Generated by org.testng.reporters.JUnitReportReporter -->
<testsuite hostname="DESKTOP-R4ETFCJ" failures="0" tests="2" name="com.vtiger.comcast.organizationtest.TestNgorganization" time="90.453" errors="0" timestamp="2022-02-01T10:37:54 IST" skipped="0">
  <testcase classname="com.vtiger.comcast.organizationtest.TestNgorganization" name="createorganizationindustry" time="20.857"/>
  <system-out/>
  <testcase classname="com.vtiger.comcast.organizationtest.TestNgorganization" name="createorganization" time="69.596"/>
  <system-out/>
</testsuite> <!-- com.vtiger.comcast.organizationtest.TestNgorganization -->
